<?xml version="1.0" encoding="UTF-8"?>
<testsuite xmlns:xsi="http://www.w3.org/2001/XMLSchema-instance" xsi:noNamespaceSchemaLocation="https://maven.apache.org/surefire/maven-surefire-plugin/xsd/surefire-test-report.xsd" name="com.example.SpringbooteurekaclientutorialApplicationTests" time="8.132" tests="1" errors="0" skipped="0" failures="0">
  <properties>
    <property name="sun.desktop" value="windows"/>
    <property name="awt.toolkit" value="sun.awt.windows.WToolkit"/>
    <property name="java.specification.version" value="11"/>
    <property name="sun.cpu.isalist" value="amd64"/>
    <property name="sun.jnu.encoding" value="Cp1252"/>
    <property name="java.class.path" value="E:\HarmonEngineering\PGPFSD-FullStackWebDev\PGPFSD_MAY282022_BrianHarmon\Phase3\Class-Demo\Springbooteurekaclientutorial\target\test-classes;E:\HarmonEngineering\PGPFSD-FullStackWebDev\PGPFSD_MAY282022_BrianHarmon\Phase3\Class-Demo\Springbooteurekaclientutorial\target\classes;E:\HarmonEngineering\Maven-Repository\org\springframework\boot\spring-boot-starter-web\2.7.3\spring-boot-starter-web-2.7.3.jar;E:\HarmonEngineering\Maven-Repository\org\springframework\boot\spring-boot-starter\2.7.3\spring-boot-starter-2.7.3.jar;E:\HarmonEngineering\Maven-Repository\org\springframework\boot\spring-boot\2.7.3\spring-boot-2.7.3.jar;E:\HarmonEngineering\Maven-Repository\org\springframework\boot\spring-boot-autoconfigure\2.7.3\spring-boot-autoconfigure-2.7.3.jar;E:\HarmonEngineering\Maven-Repository\org\springframework\boot\spring-boot-starter-logging\2.7.3\spring-boot-starter-logging-2.7.3.jar;E:\HarmonEngineering\Maven-Repository\ch\qos\logback\logback-classic\1.2.11\logback-classic-1.2.11.jar;E:\HarmonEngineering\Maven-Repository\ch\qos\logback\logback-core\1.2.11\logback-core-1.2.11.jar;E:\HarmonEngineering\Maven-Repository\org\apache\logging\log4j\log4j-to-slf4j\2.17.2\log4j-to-slf4j-2.17.2.jar;E:\HarmonEngineering\Maven-Repository\org\apache\logging\log4j\log4j-api\2.17.2\log4j-api-2.17.2.jar;E:\HarmonEngineering\Maven-Repository\org\slf4j\jul-to-slf4j\1.7.36\jul-to-slf4j-1.7.36.jar;E:\HarmonEngineering\Maven-Repository\jakarta\annotation\jakarta.annotation-api\1.3.5\jakarta.annotation-api-1.3.5.jar;E:\HarmonEngineering\Maven-Repository\org\yaml\snakeyaml\1.30\snakeyaml-1.30.jar;E:\HarmonEngineering\Maven-Repository\org\springframework\boot\spring-boot-starter-json\2.7.3\spring-boot-starter-json-2.7.3.jar;E:\HarmonEngineering\Maven-Repository\com\fasterxml\jackson\core\jackson-databind\2.13.3\jackson-databind-2.13.3.jar;E:\HarmonEngineering\Maven-Repository\com\fasterxml\jackson\datatype\jackson-datatype-jdk8\2.13.3\jackson-datatype-jdk8-2.13.3.jar;E:\HarmonEngineering\Maven-Repository\com\fasterxml\jackson\datatype\jackson-datatype-jsr310\2.13.3\jackson-datatype-jsr310-2.13.3.jar;E:\HarmonEngineering\Maven-Repository\com\fasterxml\jackson\module\jackson-module-parameter-names\2.13.3\jackson-module-parameter-names-2.13.3.jar;E:\HarmonEngineering\Maven-Repository\org\springframework\boot\spring-boot-starter-tomcat\2.7.3\spring-boot-starter-tomcat-2.7.3.jar;E:\HarmonEngineering\Maven-Repository\org\apache\tomcat\embed\tomcat-embed-core\9.0.65\tomcat-embed-core-9.0.65.jar;E:\HarmonEngineering\Maven-Repository\org\apache\tomcat\embed\tomcat-embed-el\9.0.65\tomcat-embed-el-9.0.65.jar;E:\HarmonEngineering\Maven-Repository\org\apache\tomcat\embed\tomcat-embed-websocket\9.0.65\tomcat-embed-websocket-9.0.65.jar;E:\HarmonEngineering\Maven-Repository\org\springframework\spring-web\5.3.22\spring-web-5.3.22.jar;E:\HarmonEngineering\Maven-Repository\org\springframework\spring-beans\5.3.22\spring-beans-5.3.22.jar;E:\HarmonEngineering\Maven-Repository\org\springframework\spring-webmvc\5.3.22\spring-webmvc-5.3.22.jar;E:\HarmonEngineering\Maven-Repository\org\springframework\spring-aop\5.3.22\spring-aop-5.3.22.jar;E:\HarmonEngineering\Maven-Repository\org\springframework\spring-context\5.3.22\spring-context-5.3.22.jar;E:\HarmonEngineering\Maven-Repository\org\springframework\spring-expression\5.3.22\spring-expression-5.3.22.jar;E:\HarmonEngineering\Maven-Repository\org\springframework\cloud\spring-cloud-starter-netflix-eureka-client\3.1.4\spring-cloud-starter-netflix-eureka-client-3.1.4.jar;E:\HarmonEngineering\Maven-Repository\org\springframework\cloud\spring-cloud-starter\3.1.4\spring-cloud-starter-3.1.4.jar;E:\HarmonEngineering\Maven-Repository\org\springframework\cloud\spring-cloud-context\3.1.4\spring-cloud-context-3.1.4.jar;E:\HarmonEngineering\Maven-Repository\org\springframework\security\spring-security-crypto\5.7.3\spring-security-crypto-5.7.3.jar;E:\HarmonEngineering\Maven-Repository\org\springframework\cloud\spring-cloud-commons\3.1.4\spring-cloud-commons-3.1.4.jar;E:\HarmonEngineering\Maven-Repository\org\springframework\security\spring-security-rsa\1.0.11.RELEASE\spring-security-rsa-1.0.11.RELEASE.jar;E:\HarmonEngineering\Maven-Repository\org\bouncycastle\bcpkix-jdk15on\1.69\bcpkix-jdk15on-1.69.jar;E:\HarmonEngineering\Maven-Repository\org\bouncycastle\bcprov-jdk15on\1.69\bcprov-jdk15on-1.69.jar;E:\HarmonEngineering\Maven-Repository\org\bouncycastle\bcutil-jdk15on\1.69\bcutil-jdk15on-1.69.jar;E:\HarmonEngineering\Maven-Repository\org\springframework\cloud\spring-cloud-netflix-eureka-client\3.1.4\spring-cloud-netflix-eureka-client-3.1.4.jar;E:\HarmonEngineering\Maven-Repository\com\netflix\eureka\eureka-client\1.10.17\eureka-client-1.10.17.jar;E:\HarmonEngineering\Maven-Repository\com\netflix\netflix-commons\netflix-eventbus\0.3.0\netflix-eventbus-0.3.0.jar;E:\HarmonEngineering\Maven-Repository\com\netflix\netflix-commons\netflix-infix\0.3.0\netflix-infix-0.3.0.jar;E:\HarmonEngineering\Maven-Repository\commons-jxpath\commons-jxpath\1.3\commons-jxpath-1.3.jar;E:\HarmonEngineering\Maven-Repository\joda-time\joda-time\2.3\joda-time-2.3.jar;E:\HarmonEngineering\Maven-Repository\org\antlr\antlr-runtime\3.4\antlr-runtime-3.4.jar;E:\HarmonEngineering\Maven-Repository\org\antlr\stringtemplate\3.2.1\stringtemplate-3.2.1.jar;E:\HarmonEngineering\Maven-Repository\antlr\antlr\2.7.7\antlr-2.7.7.jar;E:\HarmonEngineering\Maven-Repository\com\google\code\gson\gson\2.9.1\gson-2.9.1.jar;E:\HarmonEngineering\Maven-Repository\org\apache\commons\commons-math\2.2\commons-math-2.2.jar;E:\HarmonEngineering\Maven-Repository\com\thoughtworks\xstream\xstream\1.4.18\xstream-1.4.18.jar;E:\HarmonEngineering\Maven-Repository\io\github\x-stream\mxparser\1.2.2\mxparser-1.2.2.jar;E:\HarmonEngineering\Maven-Repository\xmlpull\xmlpull\1.1.3.1\xmlpull-1.1.3.1.jar;E:\HarmonEngineering\Maven-Repository\javax\ws\rs\jsr311-api\1.1.1\jsr311-api-1.1.1.jar;E:\HarmonEngineering\Maven-Repository\com\netflix\servo\servo-core\0.12.21\servo-core-0.12.21.jar;E:\HarmonEngineering\Maven-Repository\com\google\guava\guava\19.0\guava-19.0.jar;E:\HarmonEngineering\Maven-Repository\org\apache\httpcomponents\httpclient\4.5.13\httpclient-4.5.13.jar;E:\HarmonEngineering\Maven-Repository\org\apache\httpcomponents\httpcore\4.4.15\httpcore-4.4.15.jar;E:\HarmonEngineering\Maven-Repository\commons-codec\commons-codec\1.15\commons-codec-1.15.jar;E:\HarmonEngineering\Maven-Repository\commons-configuration\commons-configuration\1.10\commons-configuration-1.10.jar;E:\HarmonEngineering\Maven-Repository\commons-lang\commons-lang\2.6\commons-lang-2.6.jar;E:\HarmonEngineering\Maven-Repository\com\google\inject\guice\4.1.0\guice-4.1.0.jar;E:\HarmonEngineering\Maven-Repository\javax\inject\javax.inject\1\javax.inject-1.jar;E:\HarmonEngineering\Maven-Repository\com\fasterxml\jackson\core\jackson-annotations\2.13.3\jackson-annotations-2.13.3.jar;E:\HarmonEngineering\Maven-Repository\com\fasterxml\jackson\core\jackson-core\2.13.3\jackson-core-2.13.3.jar;E:\HarmonEngineering\Maven-Repository\org\codehaus\jettison\jettison\1.4.0\jettison-1.4.0.jar;E:\HarmonEngineering\Maven-Repository\com\netflix\eureka\eureka-core\1.10.17\eureka-core-1.10.17.jar;E:\HarmonEngineering\Maven-Repository\com\fasterxml\woodstox\woodstox-core\6.2.1\woodstox-core-6.2.1.jar;E:\HarmonEngineering\Maven-Repository\org\codehaus\woodstox\stax2-api\4.2.1\stax2-api-4.2.1.jar;E:\HarmonEngineering\Maven-Repository\org\springframework\cloud\spring-cloud-starter-loadbalancer\3.1.4\spring-cloud-starter-loadbalancer-3.1.4.jar;E:\HarmonEngineering\Maven-Repository\org\springframework\cloud\spring-cloud-loadbalancer\3.1.4\spring-cloud-loadbalancer-3.1.4.jar;E:\HarmonEngineering\Maven-Repository\io\projectreactor\reactor-core\3.4.22\reactor-core-3.4.22.jar;E:\HarmonEngineering\Maven-Repository\org\reactivestreams\reactive-streams\1.0.4\reactive-streams-1.0.4.jar;E:\HarmonEngineering\Maven-Repository\io\projectreactor\addons\reactor-extra\3.4.8\reactor-extra-3.4.8.jar;E:\HarmonEngineering\Maven-Repository\org\springframework\boot\spring-boot-starter-cache\2.7.3\spring-boot-starter-cache-2.7.3.jar;E:\HarmonEngineering\Maven-Repository\org\springframework\spring-context-support\5.3.22\spring-context-support-5.3.22.jar;E:\HarmonEngineering\Maven-Repository\com\stoyanr\evictor\1.0.0\evictor-1.0.0.jar;E:\HarmonEngineering\Maven-Repository\org\springframework\boot\spring-boot-starter-test\2.7.3\spring-boot-starter-test-2.7.3.jar;E:\HarmonEngineering\Maven-Repository\org\springframework\boot\spring-boot-test\2.7.3\spring-boot-test-2.7.3.jar;E:\HarmonEngineering\Maven-Repository\org\springframework\boot\spring-boot-test-autoconfigure\2.7.3\spring-boot-test-autoconfigure-2.7.3.jar;E:\HarmonEngineering\Maven-Repository\com\jayway\jsonpath\json-path\2.7.0\json-path-2.7.0.jar;E:\HarmonEngineering\Maven-Repository\net\minidev\json-smart\2.4.8\json-smart-2.4.8.jar;E:\HarmonEngineering\Maven-Repository\net\minidev\accessors-smart\2.4.8\accessors-smart-2.4.8.jar;E:\HarmonEngineering\Maven-Repository\org\ow2\asm\asm\9.1\asm-9.1.jar;E:\HarmonEngineering\Maven-Repository\org\slf4j\slf4j-api\1.7.36\slf4j-api-1.7.36.jar;E:\HarmonEngineering\Maven-Repository\jakarta\xml\bind\jakarta.xml.bind-api\2.3.3\jakarta.xml.bind-api-2.3.3.jar;E:\HarmonEngineering\Maven-Repository\jakarta\activation\jakarta.activation-api\1.2.2\jakarta.activation-api-1.2.2.jar;E:\HarmonEngineering\Maven-Repository\org\assertj\assertj-core\3.22.0\assertj-core-3.22.0.jar;E:\HarmonEngineering\Maven-Repository\org\hamcrest\hamcrest\2.2\hamcrest-2.2.jar;E:\HarmonEngineering\Maven-Repository\org\junit\jupiter\junit-jupiter\5.8.2\junit-jupiter-5.8.2.jar;E:\HarmonEngineering\Maven-Repository\org\junit\jupiter\junit-jupiter-api\5.8.2\junit-jupiter-api-5.8.2.jar;E:\HarmonEngineering\Maven-Repository\org\opentest4j\opentest4j\1.2.0\opentest4j-1.2.0.jar;E:\HarmonEngineering\Maven-Repository\org\junit\platform\junit-platform-commons\1.8.2\junit-platform-commons-1.8.2.jar;E:\HarmonEngineering\Maven-Repository\org\apiguardian\apiguardian-api\1.1.2\apiguardian-api-1.1.2.jar;E:\HarmonEngineering\Maven-Repository\org\junit\jupiter\junit-jupiter-params\5.8.2\junit-jupiter-params-5.8.2.jar;E:\HarmonEngineering\Maven-Repository\org\junit\jupiter\junit-jupiter-engine\5.8.2\junit-jupiter-engine-5.8.2.jar;E:\HarmonEngineering\Maven-Repository\org\junit\platform\junit-platform-engine\1.8.2\junit-platform-engine-1.8.2.jar;E:\HarmonEngineering\Maven-Repository\org\mockito\mockito-core\4.5.1\mockito-core-4.5.1.jar;E:\HarmonEngineering\Maven-Repository\net\bytebuddy\byte-buddy\1.12.13\byte-buddy-1.12.13.jar;E:\HarmonEngineering\Maven-Repository\net\bytebuddy\byte-buddy-agent\1.12.13\byte-buddy-agent-1.12.13.jar;E:\HarmonEngineering\Maven-Repository\org\objenesis\objenesis\3.2\objenesis-3.2.jar;E:\HarmonEngineering\Maven-Repository\org\mockito\mockito-junit-jupiter\4.5.1\mockito-junit-jupiter-4.5.1.jar;E:\HarmonEngineering\Maven-Repository\org\skyscreamer\jsonassert\1.5.1\jsonassert-1.5.1.jar;E:\HarmonEngineering\Maven-Repository\com\vaadin\external\google\android-json\0.0.20131108.vaadin1\android-json-0.0.20131108.vaadin1.jar;E:\HarmonEngineering\Maven-Repository\org\springframework\spring-core\5.3.22\spring-core-5.3.22.jar;E:\HarmonEngineering\Maven-Repository\org\springframework\spring-jcl\5.3.22\spring-jcl-5.3.22.jar;E:\HarmonEngineering\Maven-Repository\org\springframework\spring-test\5.3.22\spring-test-5.3.22.jar;E:\HarmonEngineering\Maven-Repository\org\xmlunit\xmlunit-core\2.9.0\xmlunit-core-2.9.0.jar;"/>
    <property name="java.vm.vendor" value="Oracle Corporation"/>
    <property name="sun.arch.data.model" value="64"/>
    <property name="user.variant" value=""/>
    <property name="java.vendor.url" value="https://openjdk.java.net/"/>
    <property name="user.timezone" value="America/Chicago"/>
    <property name="java.vm.specification.version" value="11"/>
    <property name="os.name" value="Windows 10"/>
    <property name="sun.java.launcher" value="SUN_STANDARD"/>
    <property name="user.country" value="US"/>
    <property name="sun.boot.library.path" value="E:\Program Files\Java\jdk-11.0.11\bin"/>
    <property name="sun.java.command" value="C:\Users\black\AppData\Local\Temp\surefire15755775694830656355\surefirebooter662785455548340307.jar C:\Users\black\AppData\Local\Temp\surefire15755775694830656355 2022-09-21T14-26-36_902-jvmRun1 surefire2950281798023235857tmp surefire_018189153359556915066tmp"/>
    <property name="jdk.debug" value="release"/>
    <property name="surefire.test.class.path" value="E:\HarmonEngineering\PGPFSD-FullStackWebDev\PGPFSD_MAY282022_BrianHarmon\Phase3\Class-Demo\Springbooteurekaclientutorial\target\test-classes;E:\HarmonEngineering\PGPFSD-FullStackWebDev\PGPFSD_MAY282022_BrianHarmon\Phase3\Class-Demo\Springbooteurekaclientutorial\target\classes;E:\HarmonEngineering\Maven-Repository\org\springframework\boot\spring-boot-starter-web\2.7.3\spring-boot-starter-web-2.7.3.jar;E:\HarmonEngineering\Maven-Repository\org\springframework\boot\spring-boot-starter\2.7.3\spring-boot-starter-2.7.3.jar;E:\HarmonEngineering\Maven-Repository\org\springframework\boot\spring-boot\2.7.3\spring-boot-2.7.3.jar;E:\HarmonEngineering\Maven-Repository\org\springframework\boot\spring-boot-autoconfigure\2.7.3\spring-boot-autoconfigure-2.7.3.jar;E:\HarmonEngineering\Maven-Repository\org\springframework\boot\spring-boot-starter-logging\2.7.3\spring-boot-starter-logging-2.7.3.jar;E:\HarmonEngineering\Maven-Repository\ch\qos\logback\logback-classic\1.2.11\logback-classic-1.2.11.jar;E:\HarmonEngineering\Maven-Repository\ch\qos\logback\logback-core\1.2.11\logback-core-1.2.11.jar;E:\HarmonEngineering\Maven-Repository\org\apache\logging\log4j\log4j-to-slf4j\2.17.2\log4j-to-slf4j-2.17.2.jar;E:\HarmonEngineering\Maven-Repository\org\apache\logging\log4j\log4j-api\2.17.2\log4j-api-2.17.2.jar;E:\HarmonEngineering\Maven-Repository\org\slf4j\jul-to-slf4j\1.7.36\jul-to-slf4j-1.7.36.jar;E:\HarmonEngineering\Maven-Repository\jakarta\annotation\jakarta.annotation-api\1.3.5\jakarta.annotation-api-1.3.5.jar;E:\HarmonEngineering\Maven-Repository\org\yaml\snakeyaml\1.30\snakeyaml-1.30.jar;E:\HarmonEngineering\Maven-Repository\org\springframework\boot\spring-boot-starter-json\2.7.3\spring-boot-starter-json-2.7.3.jar;E:\HarmonEngineering\Maven-Repository\com\fasterxml\jackson\core\jackson-databind\2.13.3\jackson-databind-2.13.3.jar;E:\HarmonEngineering\Maven-Repository\com\fasterxml\jackson\datatype\jackson-datatype-jdk8\2.13.3\jackson-datatype-jdk8-2.13.3.jar;E:\HarmonEngineering\Maven-Repository\com\fasterxml\jackson\datatype\jackson-datatype-jsr310\2.13.3\jackson-datatype-jsr310-2.13.3.jar;E:\HarmonEngineering\Maven-Repository\com\fasterxml\jackson\module\jackson-module-parameter-names\2.13.3\jackson-module-parameter-names-2.13.3.jar;E:\HarmonEngineering\Maven-Repository\org\springframework\boot\spring-boot-starter-tomcat\2.7.3\spring-boot-starter-tomcat-2.7.3.jar;E:\HarmonEngineering\Maven-Repository\org\apache\tomcat\embed\tomcat-embed-core\9.0.65\tomcat-embed-core-9.0.65.jar;E:\HarmonEngineering\Maven-Repository\org\apache\tomcat\embed\tomcat-embed-el\9.0.65\tomcat-embed-el-9.0.65.jar;E:\HarmonEngineering\Maven-Repository\org\apache\tomcat\embed\tomcat-embed-websocket\9.0.65\tomcat-embed-websocket-9.0.65.jar;E:\HarmonEngineering\Maven-Repository\org\springframework\spring-web\5.3.22\spring-web-5.3.22.jar;E:\HarmonEngineering\Maven-Repository\org\springframework\spring-beans\5.3.22\spring-beans-5.3.22.jar;E:\HarmonEngineering\Maven-Repository\org\springframework\spring-webmvc\5.3.22\spring-webmvc-5.3.22.jar;E:\HarmonEngineering\Maven-Repository\org\springframework\spring-aop\5.3.22\spring-aop-5.3.22.jar;E:\HarmonEngineering\Maven-Repository\org\springframework\spring-context\5.3.22\spring-context-5.3.22.jar;E:\HarmonEngineering\Maven-Repository\org\springframework\spring-expression\5.3.22\spring-expression-5.3.22.jar;E:\HarmonEngineering\Maven-Repository\org\springframework\cloud\spring-cloud-starter-netflix-eureka-client\3.1.4\spring-cloud-starter-netflix-eureka-client-3.1.4.jar;E:\HarmonEngineering\Maven-Repository\org\springframework\cloud\spring-cloud-starter\3.1.4\spring-cloud-starter-3.1.4.jar;E:\HarmonEngineering\Maven-Repository\org\springframework\cloud\spring-cloud-context\3.1.4\spring-cloud-context-3.1.4.jar;E:\HarmonEngineering\Maven-Repository\org\springframework\security\spring-security-crypto\5.7.3\spring-security-crypto-5.7.3.jar;E:\HarmonEngineering\Maven-Repository\org\springframework\cloud\spring-cloud-commons\3.1.4\spring-cloud-commons-3.1.4.jar;E:\HarmonEngineering\Maven-Repository\org\springframework\security\spring-security-rsa\1.0.11.RELEASE\spring-security-rsa-1.0.11.RELEASE.jar;E:\HarmonEngineering\Maven-Repository\org\bouncycastle\bcpkix-jdk15on\1.69\bcpkix-jdk15on-1.69.jar;E:\HarmonEngineering\Maven-Repository\org\bouncycastle\bcprov-jdk15on\1.69\bcprov-jdk15on-1.69.jar;E:\HarmonEngineering\Maven-Repository\org\bouncycastle\bcutil-jdk15on\1.69\bcutil-jdk15on-1.69.jar;E:\HarmonEngineering\Maven-Repository\org\springframework\cloud\spring-cloud-netflix-eureka-client\3.1.4\spring-cloud-netflix-eureka-client-3.1.4.jar;E:\HarmonEngineering\Maven-Repository\com\netflix\eureka\eureka-client\1.10.17\eureka-client-1.10.17.jar;E:\HarmonEngineering\Maven-Repository\com\netflix\netflix-commons\netflix-eventbus\0.3.0\netflix-eventbus-0.3.0.jar;E:\HarmonEngineering\Maven-Repository\com\netflix\netflix-commons\netflix-infix\0.3.0\netflix-infix-0.3.0.jar;E:\HarmonEngineering\Maven-Repository\commons-jxpath\commons-jxpath\1.3\commons-jxpath-1.3.jar;E:\HarmonEngineering\Maven-Repository\joda-time\joda-time\2.3\joda-time-2.3.jar;E:\HarmonEngineering\Maven-Repository\org\antlr\antlr-runtime\3.4\antlr-runtime-3.4.jar;E:\HarmonEngineering\Maven-Repository\org\antlr\stringtemplate\3.2.1\stringtemplate-3.2.1.jar;E:\HarmonEngineering\Maven-Repository\antlr\antlr\2.7.7\antlr-2.7.7.jar;E:\HarmonEngineering\Maven-Repository\com\google\code\gson\gson\2.9.1\gson-2.9.1.jar;E:\HarmonEngineering\Maven-Repository\org\apache\commons\commons-math\2.2\commons-math-2.2.jar;E:\HarmonEngineering\Maven-Repository\com\thoughtworks\xstream\xstream\1.4.18\xstream-1.4.18.jar;E:\HarmonEngineering\Maven-Repository\io\github\x-stream\mxparser\1.2.2\mxparser-1.2.2.jar;E:\HarmonEngineering\Maven-Repository\xmlpull\xmlpull\1.1.3.1\xmlpull-1.1.3.1.jar;E:\HarmonEngineering\Maven-Repository\javax\ws\rs\jsr311-api\1.1.1\jsr311-api-1.1.1.jar;E:\HarmonEngineering\Maven-Repository\com\netflix\servo\servo-core\0.12.21\servo-core-0.12.21.jar;E:\HarmonEngineering\Maven-Repository\com\google\guava\guava\19.0\guava-19.0.jar;E:\HarmonEngineering\Maven-Repository\org\apache\httpcomponents\httpclient\4.5.13\httpclient-4.5.13.jar;E:\HarmonEngineering\Maven-Repository\org\apache\httpcomponents\httpcore\4.4.15\httpcore-4.4.15.jar;E:\HarmonEngineering\Maven-Repository\commons-codec\commons-codec\1.15\commons-codec-1.15.jar;E:\HarmonEngineering\Maven-Repository\commons-configuration\commons-configuration\1.10\commons-configuration-1.10.jar;E:\HarmonEngineering\Maven-Repository\commons-lang\commons-lang\2.6\commons-lang-2.6.jar;E:\HarmonEngineering\Maven-Repository\com\google\inject\guice\4.1.0\guice-4.1.0.jar;E:\HarmonEngineering\Maven-Repository\javax\inject\javax.inject\1\javax.inject-1.jar;E:\HarmonEngineering\Maven-Repository\com\fasterxml\jackson\core\jackson-annotations\2.13.3\jackson-annotations-2.13.3.jar;E:\HarmonEngineering\Maven-Repository\com\fasterxml\jackson\core\jackson-core\2.13.3\jackson-core-2.13.3.jar;E:\HarmonEngineering\Maven-Repository\org\codehaus\jettison\jettison\1.4.0\jettison-1.4.0.jar;E:\HarmonEngineering\Maven-Repository\com\netflix\eureka\eureka-core\1.10.17\eureka-core-1.10.17.jar;E:\HarmonEngineering\Maven-Repository\com\fasterxml\woodstox\woodstox-core\6.2.1\woodstox-core-6.2.1.jar;E:\HarmonEngineering\Maven-Repository\org\codehaus\woodstox\stax2-api\4.2.1\stax2-api-4.2.1.jar;E:\HarmonEngineering\Maven-Repository\org\springframework\cloud\spring-cloud-starter-loadbalancer\3.1.4\spring-cloud-starter-loadbalancer-3.1.4.jar;E:\HarmonEngineering\Maven-Repository\org\springframework\cloud\spring-cloud-loadbalancer\3.1.4\spring-cloud-loadbalancer-3.1.4.jar;E:\HarmonEngineering\Maven-Repository\io\projectreactor\reactor-core\3.4.22\reactor-core-3.4.22.jar;E:\HarmonEngineering\Maven-Repository\org\reactivestreams\reactive-streams\1.0.4\reactive-streams-1.0.4.jar;E:\HarmonEngineering\Maven-Repository\io\projectreactor\addons\reactor-extra\3.4.8\reactor-extra-3.4.8.jar;E:\HarmonEngineering\Maven-Repository\org\springframework\boot\spring-boot-starter-cache\2.7.3\spring-boot-starter-cache-2.7.3.jar;E:\HarmonEngineering\Maven-Repository\org\springframework\spring-context-support\5.3.22\spring-context-support-5.3.22.jar;E:\HarmonEngineering\Maven-Repository\com\stoyanr\evictor\1.0.0\evictor-1.0.0.jar;E:\HarmonEngineering\Maven-Repository\org\springframework\boot\spring-boot-starter-test\2.7.3\spring-boot-starter-test-2.7.3.jar;E:\HarmonEngineering\Maven-Repository\org\springframework\boot\spring-boot-test\2.7.3\spring-boot-test-2.7.3.jar;E:\HarmonEngineering\Maven-Repository\org\springframework\boot\spring-boot-test-autoconfigure\2.7.3\spring-boot-test-autoconfigure-2.7.3.jar;E:\HarmonEngineering\Maven-Repository\com\jayway\jsonpath\json-path\2.7.0\json-path-2.7.0.jar;E:\HarmonEngineering\Maven-Repository\net\minidev\json-smart\2.4.8\json-smart-2.4.8.jar;E:\HarmonEngineering\Maven-Repository\net\minidev\accessors-smart\2.4.8\accessors-smart-2.4.8.jar;E:\HarmonEngineering\Maven-Repository\org\ow2\asm\asm\9.1\asm-9.1.jar;E:\HarmonEngineering\Maven-Repository\org\slf4j\slf4j-api\1.7.36\slf4j-api-1.7.36.jar;E:\HarmonEngineering\Maven-Repository\jakarta\xml\bind\jakarta.xml.bind-api\2.3.3\jakarta.xml.bind-api-2.3.3.jar;E:\HarmonEngineering\Maven-Repository\jakarta\activation\jakarta.activation-api\1.2.2\jakarta.activation-api-1.2.2.jar;E:\HarmonEngineering\Maven-Repository\org\assertj\assertj-core\3.22.0\assertj-core-3.22.0.jar;E:\HarmonEngineering\Maven-Repository\org\hamcrest\hamcrest\2.2\hamcrest-2.2.jar;E:\HarmonEngineering\Maven-Repository\org\junit\jupiter\junit-jupiter\5.8.2\junit-jupiter-5.8.2.jar;E:\HarmonEngineering\Maven-Repository\org\junit\jupiter\junit-jupiter-api\5.8.2\junit-jupiter-api-5.8.2.jar;E:\HarmonEngineering\Maven-Repository\org\opentest4j\opentest4j\1.2.0\opentest4j-1.2.0.jar;E:\HarmonEngineering\Maven-Repository\org\junit\platform\junit-platform-commons\1.8.2\junit-platform-commons-1.8.2.jar;E:\HarmonEngineering\Maven-Repository\org\apiguardian\apiguardian-api\1.1.2\apiguardian-api-1.1.2.jar;E:\HarmonEngineering\Maven-Repository\org\junit\jupiter\junit-jupiter-params\5.8.2\junit-jupiter-params-5.8.2.jar;E:\HarmonEngineering\Maven-Repository\org\junit\jupiter\junit-jupiter-engine\5.8.2\junit-jupiter-engine-5.8.2.jar;E:\HarmonEngineering\Maven-Repository\org\junit\platform\junit-platform-engine\1.8.2\junit-platform-engine-1.8.2.jar;E:\HarmonEngineering\Maven-Repository\org\mockito\mockito-core\4.5.1\mockito-core-4.5.1.jar;E:\HarmonEngineering\Maven-Repository\net\bytebuddy\byte-buddy\1.12.13\byte-buddy-1.12.13.jar;E:\HarmonEngineering\Maven-Repository\net\bytebuddy\byte-buddy-agent\1.12.13\byte-buddy-agent-1.12.13.jar;E:\HarmonEngineering\Maven-Repository\org\objenesis\objenesis\3.2\objenesis-3.2.jar;E:\HarmonEngineering\Maven-Repository\org\mockito\mockito-junit-jupiter\4.5.1\mockito-junit-jupiter-4.5.1.jar;E:\HarmonEngineering\Maven-Repository\org\skyscreamer\jsonassert\1.5.1\jsonassert-1.5.1.jar;E:\HarmonEngineering\Maven-Repository\com\vaadin\external\google\android-json\0.0.20131108.vaadin1\android-json-0.0.20131108.vaadin1.jar;E:\HarmonEngineering\Maven-Repository\org\springframework\spring-core\5.3.22\spring-core-5.3.22.jar;E:\HarmonEngineering\Maven-Repository\org\springframework\spring-jcl\5.3.22\spring-jcl-5.3.22.jar;E:\HarmonEngineering\Maven-Repository\org\springframework\spring-test\5.3.22\spring-test-5.3.22.jar;E:\HarmonEngineering\Maven-Repository\org\xmlunit\xmlunit-core\2.9.0\xmlunit-core-2.9.0.jar;"/>
    <property name="sun.cpu.endian" value="little"/>
    <property name="user.home" value="C:\Users\black"/>
    <property name="user.language" value="en"/>
    <property name="java.specification.vendor" value="Oracle Corporation"/>
    <property name="java.version.date" value="2021-04-20"/>
    <property name="java.home" value="E:\Program Files\Java\jdk-11.0.11"/>
    <property name="file.separator" value="\"/>
    <property name="basedir" value="E:\HarmonEngineering\PGPFSD-FullStackWebDev\PGPFSD_MAY282022_BrianHarmon\Phase3\Class-Demo\Springbooteurekaclientutorial"/>
    <property name="java.vm.compressedOopsMode" value="Zero based"/>
    <property name="line.separator" value="&#10;"/>
    <property name="java.specification.name" value="Java Platform API Specification"/>
    <property name="java.vm.specification.vendor" value="Oracle Corporation"/>
    <property name="java.awt.graphicsenv" value="sun.awt.Win32GraphicsEnvironment"/>
    <property name="surefire.real.class.path" value="C:\Users\black\AppData\Local\Temp\surefire15755775694830656355\surefirebooter662785455548340307.jar"/>
    <property name="user.script" value=""/>
    <property name="sun.management.compiler" value="HotSpot 64-Bit Tiered Compilers"/>
    <property name="java.runtime.version" value="11.0.11+9-LTS-194"/>
    <property name="user.name" value="black"/>
    <property name="path.separator" value=";"/>
    <property name="os.version" value="10.0"/>
    <property name="java.runtime.name" value="Java(TM) SE Runtime Environment"/>
    <property name="file.encoding" value="Cp1252"/>
    <property name="java.vm.name" value="Java HotSpot(TM) 64-Bit Server VM"/>
    <property name="java.vendor.version" value="18.9"/>
    <property name="localRepository" value="E:\HarmonEngineering\Maven-Repository"/>
    <property name="java.vendor.url.bug" value="https://bugreport.java.com/bugreport/"/>
    <property name="java.io.tmpdir" value="C:\Users\black\AppData\Local\Temp\"/>
    <property name="idea.version" value="2022.2.2"/>
    <property name="java.version" value="11.0.11"/>
    <property name="user.dir" value="E:\HarmonEngineering\PGPFSD-FullStackWebDev\PGPFSD_MAY282022_BrianHarmon\Phase3\Class-Demo\Springbooteurekaclientutorial"/>
    <property name="os.arch" value="amd64"/>
    <property name="java.vm.specification.name" value="Java Virtual Machine Specification"/>
    <property name="java.awt.printerjob" value="sun.awt.windows.WPrinterJob"/>
    <property name="sun.os.patch.level" value=""/>
    <property name="java.library.path" value="E:\Program Files\Java\jdk-11.0.11\bin;C:\WINDOWS\Sun\Java\bin;C:\WINDOWS\system32;C:\WINDOWS;C:\Program Files\Common Files\Oracle\Java\javapath;C:\Program Files (x86)\Common Files\Oracle\Java\javapath;E:\Program Files\SlickEdit Pro 25.0.1\win\;E:\Program Files (x86)\Embarcadero\Studio\19.0\bin;E:\Program Files (x86)\Embarcadero\Studio\19.0\bin64;E:\app\black\product\18.0.0\dbhomeXE\bin;C:\Program Files (x86)\Embarcadero\Studio\19.0\bin;C:\Users\Public\Documents\Embarcadero\Studio\19.0\Bpl;C:\Program Files (x86)\Embarcadero\Studio\19.0\bin64;C:\Users\Public\Documents\Embarcadero\Studio\19.0\Bpl\Win64;C:\Program Files (x86)\Intel\iCLS Client\;C:\ProgramData\Oracle\Java\javapath;C:\Program Files\Intel\iCLS Client\;C:\WINDOWS\system32;C:\WINDOWS;C:\WINDOWS\System32\Wbem;C:\WINDOWS\System32\WindowsPowerShell\v1.0\;C:\Program Files (x86)\QuickTime\QTSystem\;C:\Program Files (x86)\Intel\Intel(R) Management Engine Components\DAL;C:\Program Files\Intel\Intel(R) Management Engine Components\DAL;C:\Program Files (x86)\Intel\Intel(R) Management Engine Components\IPT;C:\Program Files\Intel\Intel(R) Management Engine Components\IPT;C:\WINDOWS\System32\OpenSSH\;C:\Program Files\Microsoft VS Code\bin;E:\Program Files (x86)\Windows Kits\10\Windows Performance Toolkit\;C:\Program Files\Git\cmd;C:\Program Files\Docker\Docker\resources\bin;C:\ProgramData\DockerDesktop\version-bin;C:\Program Files\MySQL\MySQL Shell 8.0\bin\;e:\Users\black\Anaconda3;e:\Users\black\Anaconda3\Library\mingw-w64\bin;e:\Users\black\Anaconda3\Library\usr\bin;e:\Users\black\Anaconda3\Library\bin;e:\Users\black\Anaconda3\Scripts;C:\Users\black\AppData\Local\Microsoft\WindowsApps;C:\Program Files\Microsoft VS Code\bin;C:\Users\black\AppData\Local\GitHubDesktop\bin;E:\Program Files\JetBrains\IntelliJ IDEA 2021.2.1\bin;;;C:\Users\black\AppData\Local\JetBrains\Toolbox\scripts;."/>
    <property name="java.vendor" value="Oracle Corporation"/>
    <property name="java.vm.info" value="mixed mode"/>
    <property name="java.vm.version" value="11.0.11+9-LTS-194"/>
    <property name="sun.io.unicode.encoding" value="UnicodeLittle"/>
    <property name="java.class.version" value="55.0"/>
  </properties>
  <testcase name="contextLoads" classname="com.example.SpringbooteurekaclientutorialApplicationTests" time="0.405"/>
</testsuite>