<?xml version="1.0" encoding="UTF-8"?>
<!-- Generated by org.testng.reporters.JUnitReportReporter -->
<testsuite hostname="DESKTOP-SJQA71F" failures="0" tests="2" name="com.service.TestHookMethods" time="0.017" errors="0" timestamp="2022-11-05T12:58:32 CDT" skipped="0">
  <testcase classname="com.service.TestHookMethods" name="f" time="0.003"/>
  <system-out/>
  <testcase classname="com.service.TestHookMethods" name="f" time="0.014"/>
  <system-out/>
</testsuite> <!-- com.service.TestHookMethods -->
