<?xml version="1.0" encoding="UTF-8"?>
<!-- Generated by org.testng.reporters.JUnitReportReporter -->
<testsuite hostname="DESKTOP-SJQA71F" failures="0" tests="4" name="com.service.testOperationsTest" time="0.019" errors="0" timestamp="2022-11-05T10:25:33 CDT" skipped="0">
  <testcase classname="com.service.testOperationsTest" name="mulTest" time="0.001"/>
  <system-out/>
  <testcase classname="com.service.testOperationsTest" name="subTest" time="0.002"/>
  <system-out/>
  <testcase classname="com.service.testOperationsTest" name="addTest" time="0.015"/>
  <system-out/>
  <testcase classname="com.service.testOperationsTest" name="divTest" time="0.001"/>
  <system-out/>
</testsuite> <!-- com.service.testOperationsTest -->
