<?xml version="1.0" encoding="UTF-8"?>
<!-- Generated by org.testng.reporters.JUnitReportReporter -->
<testsuite hostname="DESKTOP-SJQA71F" failures="0" tests="5" name="com.service.PriorityTest" time="0.017" errors="0" timestamp="2022-11-06T08:49:35 CST" skipped="0">
  <testcase classname="com.service.PriorityTest" name="f" time="0.001"/>
  <system-out/>
  <testcase classname="com.service.PriorityTest" name="b" time="0.011"/>
  <system-out/>
  <testcase classname="com.service.PriorityTest" name="c" time="0.002"/>
  <system-out/>
  <testcase classname="com.service.PriorityTest" name="d" time="0.002"/>
  <system-out/>
  <testcase classname="com.service.PriorityTest" name="a" time="0.001"/>
  <system-out/>
</testsuite> <!-- com.service.PriorityTest -->
