<?xml version="1.0" encoding="UTF-8"?>
<testsuite xmlns:xsi="http://www.w3.org/2001/XMLSchema-instance" xsi:noNamespaceSchemaLocation="https://maven.apache.org/surefire/maven-surefire-plugin/xsd/surefire-test-report.xsd" name="com.java2blog.SpringBootJDBCExample.SpringBootJdbcExampleApplicationTests" time="0.286" tests="1" errors="1" skipped="0" failures="0">
  <properties>
    <property name="java.specification.version" value="18"/>
    <property name="sun.cpu.isalist" value="amd64"/>
    <property name="sun.jnu.encoding" value="Cp1252"/>
    <property name="java.class.path" value="E:\HarmonEngineering\PGPFSD-FullStackWebDev\PGPFSD_MAY282022_BrianHarmon\Phase3\SpringBootJDBCExample-master\target\test-classes;E:\HarmonEngineering\PGPFSD-FullStackWebDev\PGPFSD_MAY282022_BrianHarmon\Phase3\SpringBootJDBCExample-master\target\classes;E:\HarmonEngineering\Maven-Repository\org\springframework\boot\spring-boot-starter-data-jdbc\2.2.2.RELEASE\spring-boot-starter-data-jdbc-2.2.2.RELEASE.jar;E:\HarmonEngineering\Maven-Repository\org\springframework\boot\spring-boot-starter-jdbc\2.2.2.RELEASE\spring-boot-starter-jdbc-2.2.2.RELEASE.jar;E:\HarmonEngineering\Maven-Repository\com\zaxxer\HikariCP\3.4.1\HikariCP-3.4.1.jar;E:\HarmonEngineering\Maven-Repository\org\springframework\spring-jdbc\5.2.2.RELEASE\spring-jdbc-5.2.2.RELEASE.jar;E:\HarmonEngineering\Maven-Repository\org\springframework\data\spring-data-jdbc\1.1.3.RELEASE\spring-data-jdbc-1.1.3.RELEASE.jar;E:\HarmonEngineering\Maven-Repository\org\springframework\data\spring-data-relational\1.1.3.RELEASE\spring-data-relational-1.1.3.RELEASE.jar;E:\HarmonEngineering\Maven-Repository\org\springframework\data\spring-data-commons\2.2.3.RELEASE\spring-data-commons-2.2.3.RELEASE.jar;E:\HarmonEngineering\Maven-Repository\org\springframework\spring-tx\5.2.2.RELEASE\spring-tx-5.2.2.RELEASE.jar;E:\HarmonEngineering\Maven-Repository\org\springframework\spring-context\5.2.2.RELEASE\spring-context-5.2.2.RELEASE.jar;E:\HarmonEngineering\Maven-Repository\org\springframework\spring-beans\5.2.2.RELEASE\spring-beans-5.2.2.RELEASE.jar;E:\HarmonEngineering\Maven-Repository\org\slf4j\slf4j-api\1.7.29\slf4j-api-1.7.29.jar;E:\HarmonEngineering\Maven-Repository\org\springframework\boot\spring-boot-starter-web\2.2.2.RELEASE\spring-boot-starter-web-2.2.2.RELEASE.jar;E:\HarmonEngineering\Maven-Repository\org\springframework\boot\spring-boot-starter\2.2.2.RELEASE\spring-boot-starter-2.2.2.RELEASE.jar;E:\HarmonEngineering\Maven-Repository\org\springframework\boot\spring-boot\2.2.2.RELEASE\spring-boot-2.2.2.RELEASE.jar;E:\HarmonEngineering\Maven-Repository\org\springframework\boot\spring-boot-autoconfigure\2.2.2.RELEASE\spring-boot-autoconfigure-2.2.2.RELEASE.jar;E:\HarmonEngineering\Maven-Repository\org\springframework\boot\spring-boot-starter-logging\2.2.2.RELEASE\spring-boot-starter-logging-2.2.2.RELEASE.jar;E:\HarmonEngineering\Maven-Repository\ch\qos\logback\logback-classic\1.2.3\logback-classic-1.2.3.jar;E:\HarmonEngineering\Maven-Repository\ch\qos\logback\logback-core\1.2.3\logback-core-1.2.3.jar;E:\HarmonEngineering\Maven-Repository\org\apache\logging\log4j\log4j-to-slf4j\2.12.1\log4j-to-slf4j-2.12.1.jar;E:\HarmonEngineering\Maven-Repository\org\apache\logging\log4j\log4j-api\2.12.1\log4j-api-2.12.1.jar;E:\HarmonEngineering\Maven-Repository\org\slf4j\jul-to-slf4j\1.7.29\jul-to-slf4j-1.7.29.jar;E:\HarmonEngineering\Maven-Repository\jakarta\annotation\jakarta.annotation-api\1.3.5\jakarta.annotation-api-1.3.5.jar;E:\HarmonEngineering\Maven-Repository\org\yaml\snakeyaml\1.25\snakeyaml-1.25.jar;E:\HarmonEngineering\Maven-Repository\org\springframework\boot\spring-boot-starter-json\2.2.2.RELEASE\spring-boot-starter-json-2.2.2.RELEASE.jar;E:\HarmonEngineering\Maven-Repository\com\fasterxml\jackson\core\jackson-databind\2.10.1\jackson-databind-2.10.1.jar;E:\HarmonEngineering\Maven-Repository\com\fasterxml\jackson\core\jackson-annotations\2.10.1\jackson-annotations-2.10.1.jar;E:\HarmonEngineering\Maven-Repository\com\fasterxml\jackson\core\jackson-core\2.10.1\jackson-core-2.10.1.jar;E:\HarmonEngineering\Maven-Repository\com\fasterxml\jackson\datatype\jackson-datatype-jdk8\2.10.1\jackson-datatype-jdk8-2.10.1.jar;E:\HarmonEngineering\Maven-Repository\com\fasterxml\jackson\datatype\jackson-datatype-jsr310\2.10.1\jackson-datatype-jsr310-2.10.1.jar;E:\HarmonEngineering\Maven-Repository\com\fasterxml\jackson\module\jackson-module-parameter-names\2.10.1\jackson-module-parameter-names-2.10.1.jar;E:\HarmonEngineering\Maven-Repository\org\springframework\boot\spring-boot-starter-tomcat\2.2.2.RELEASE\spring-boot-starter-tomcat-2.2.2.RELEASE.jar;E:\HarmonEngineering\Maven-Repository\org\apache\tomcat\embed\tomcat-embed-core\9.0.29\tomcat-embed-core-9.0.29.jar;E:\HarmonEngineering\Maven-Repository\org\apache\tomcat\embed\tomcat-embed-el\9.0.29\tomcat-embed-el-9.0.29.jar;E:\HarmonEngineering\Maven-Repository\org\apache\tomcat\embed\tomcat-embed-websocket\9.0.29\tomcat-embed-websocket-9.0.29.jar;E:\HarmonEngineering\Maven-Repository\org\springframework\boot\spring-boot-starter-validation\2.2.2.RELEASE\spring-boot-starter-validation-2.2.2.RELEASE.jar;E:\HarmonEngineering\Maven-Repository\jakarta\validation\jakarta.validation-api\2.0.1\jakarta.validation-api-2.0.1.jar;E:\HarmonEngineering\Maven-Repository\org\hibernate\validator\hibernate-validator\6.0.18.Final\hibernate-validator-6.0.18.Final.jar;E:\HarmonEngineering\Maven-Repository\org\jboss\logging\jboss-logging\3.4.1.Final\jboss-logging-3.4.1.Final.jar;E:\HarmonEngineering\Maven-Repository\com\fasterxml\classmate\1.5.1\classmate-1.5.1.jar;E:\HarmonEngineering\Maven-Repository\org\springframework\spring-web\5.2.2.RELEASE\spring-web-5.2.2.RELEASE.jar;E:\HarmonEngineering\Maven-Repository\org\springframework\spring-webmvc\5.2.2.RELEASE\spring-webmvc-5.2.2.RELEASE.jar;E:\HarmonEngineering\Maven-Repository\org\springframework\spring-aop\5.2.2.RELEASE\spring-aop-5.2.2.RELEASE.jar;E:\HarmonEngineering\Maven-Repository\org\springframework\spring-expression\5.2.2.RELEASE\spring-expression-5.2.2.RELEASE.jar;E:\HarmonEngineering\Maven-Repository\org\springframework\boot\spring-boot-starter-test\2.2.2.RELEASE\spring-boot-starter-test-2.2.2.RELEASE.jar;E:\HarmonEngineering\Maven-Repository\org\springframework\boot\spring-boot-test\2.2.2.RELEASE\spring-boot-test-2.2.2.RELEASE.jar;E:\HarmonEngineering\Maven-Repository\org\springframework\boot\spring-boot-test-autoconfigure\2.2.2.RELEASE\spring-boot-test-autoconfigure-2.2.2.RELEASE.jar;E:\HarmonEngineering\Maven-Repository\com\jayway\jsonpath\json-path\2.4.0\json-path-2.4.0.jar;E:\HarmonEngineering\Maven-Repository\net\minidev\json-smart\2.3\json-smart-2.3.jar;E:\HarmonEngineering\Maven-Repository\net\minidev\accessors-smart\1.2\accessors-smart-1.2.jar;E:\HarmonEngineering\Maven-Repository\org\ow2\asm\asm\5.0.4\asm-5.0.4.jar;E:\HarmonEngineering\Maven-Repository\jakarta\xml\bind\jakarta.xml.bind-api\2.3.2\jakarta.xml.bind-api-2.3.2.jar;E:\HarmonEngineering\Maven-Repository\jakarta\activation\jakarta.activation-api\1.2.1\jakarta.activation-api-1.2.1.jar;E:\HarmonEngineering\Maven-Repository\org\junit\jupiter\junit-jupiter\5.5.2\junit-jupiter-5.5.2.jar;E:\HarmonEngineering\Maven-Repository\org\junit\jupiter\junit-jupiter-api\5.5.2\junit-jupiter-api-5.5.2.jar;E:\HarmonEngineering\Maven-Repository\org\apiguardian\apiguardian-api\1.1.0\apiguardian-api-1.1.0.jar;E:\HarmonEngineering\Maven-Repository\org\opentest4j\opentest4j\1.2.0\opentest4j-1.2.0.jar;E:\HarmonEngineering\Maven-Repository\org\junit\platform\junit-platform-commons\1.5.2\junit-platform-commons-1.5.2.jar;E:\HarmonEngineering\Maven-Repository\org\junit\jupiter\junit-jupiter-params\5.5.2\junit-jupiter-params-5.5.2.jar;E:\HarmonEngineering\Maven-Repository\org\junit\jupiter\junit-jupiter-engine\5.5.2\junit-jupiter-engine-5.5.2.jar;E:\HarmonEngineering\Maven-Repository\org\junit\platform\junit-platform-engine\1.5.2\junit-platform-engine-1.5.2.jar;E:\HarmonEngineering\Maven-Repository\org\mockito\mockito-junit-jupiter\3.1.0\mockito-junit-jupiter-3.1.0.jar;E:\HarmonEngineering\Maven-Repository\org\assertj\assertj-core\3.13.2\assertj-core-3.13.2.jar;E:\HarmonEngineering\Maven-Repository\org\hamcrest\hamcrest\2.1\hamcrest-2.1.jar;E:\HarmonEngineering\Maven-Repository\org\mockito\mockito-core\3.1.0\mockito-core-3.1.0.jar;E:\HarmonEngineering\Maven-Repository\net\bytebuddy\byte-buddy\1.10.4\byte-buddy-1.10.4.jar;E:\HarmonEngineering\Maven-Repository\net\bytebuddy\byte-buddy-agent\1.10.4\byte-buddy-agent-1.10.4.jar;E:\HarmonEngineering\Maven-Repository\org\objenesis\objenesis\2.6\objenesis-2.6.jar;E:\HarmonEngineering\Maven-Repository\org\skyscreamer\jsonassert\1.5.0\jsonassert-1.5.0.jar;E:\HarmonEngineering\Maven-Repository\com\vaadin\external\google\android-json\0.0.20131108.vaadin1\android-json-0.0.20131108.vaadin1.jar;E:\HarmonEngineering\Maven-Repository\org\springframework\spring-core\5.2.2.RELEASE\spring-core-5.2.2.RELEASE.jar;E:\HarmonEngineering\Maven-Repository\org\springframework\spring-jcl\5.2.2.RELEASE\spring-jcl-5.2.2.RELEASE.jar;E:\HarmonEngineering\Maven-Repository\org\springframework\spring-test\5.2.2.RELEASE\spring-test-5.2.2.RELEASE.jar;E:\HarmonEngineering\Maven-Repository\org\xmlunit\xmlunit-core\2.6.3\xmlunit-core-2.6.3.jar;E:\HarmonEngineering\Maven-Repository\mysql\mysql-connector-java\8.0.18\mysql-connector-java-8.0.18.jar;"/>
    <property name="java.vm.vendor" value="Oracle Corporation"/>
    <property name="sun.arch.data.model" value="64"/>
    <property name="user.variant" value=""/>
    <property name="java.vendor.url" value="https://java.oracle.com/"/>
    <property name="user.timezone" value="America/Chicago"/>
    <property name="os.name" value="Windows 10"/>
    <property name="java.vm.specification.version" value="18"/>
    <property name="sun.java.launcher" value="SUN_STANDARD"/>
    <property name="user.country" value="US"/>
    <property name="sun.boot.library.path" value="E:\Program Files\Java\jdk-18.0.2\bin"/>
    <property name="sun.java.command" value="C:\Users\black\AppData\Local\Temp\surefire7995545408581861106\surefirebooter15107042998848556496.jar C:\Users\black\AppData\Local\Temp\surefire7995545408581861106 2022-08-27T12-20-50_576-jvmRun1 surefire4007298442134692844tmp surefire_012175173626022832794tmp"/>
    <property name="jdk.debug" value="release"/>
    <property name="surefire.test.class.path" value="E:\HarmonEngineering\PGPFSD-FullStackWebDev\PGPFSD_MAY282022_BrianHarmon\Phase3\SpringBootJDBCExample-master\target\test-classes;E:\HarmonEngineering\PGPFSD-FullStackWebDev\PGPFSD_MAY282022_BrianHarmon\Phase3\SpringBootJDBCExample-master\target\classes;E:\HarmonEngineering\Maven-Repository\org\springframework\boot\spring-boot-starter-data-jdbc\2.2.2.RELEASE\spring-boot-starter-data-jdbc-2.2.2.RELEASE.jar;E:\HarmonEngineering\Maven-Repository\org\springframework\boot\spring-boot-starter-jdbc\2.2.2.RELEASE\spring-boot-starter-jdbc-2.2.2.RELEASE.jar;E:\HarmonEngineering\Maven-Repository\com\zaxxer\HikariCP\3.4.1\HikariCP-3.4.1.jar;E:\HarmonEngineering\Maven-Repository\org\springframework\spring-jdbc\5.2.2.RELEASE\spring-jdbc-5.2.2.RELEASE.jar;E:\HarmonEngineering\Maven-Repository\org\springframework\data\spring-data-jdbc\1.1.3.RELEASE\spring-data-jdbc-1.1.3.RELEASE.jar;E:\HarmonEngineering\Maven-Repository\org\springframework\data\spring-data-relational\1.1.3.RELEASE\spring-data-relational-1.1.3.RELEASE.jar;E:\HarmonEngineering\Maven-Repository\org\springframework\data\spring-data-commons\2.2.3.RELEASE\spring-data-commons-2.2.3.RELEASE.jar;E:\HarmonEngineering\Maven-Repository\org\springframework\spring-tx\5.2.2.RELEASE\spring-tx-5.2.2.RELEASE.jar;E:\HarmonEngineering\Maven-Repository\org\springframework\spring-context\5.2.2.RELEASE\spring-context-5.2.2.RELEASE.jar;E:\HarmonEngineering\Maven-Repository\org\springframework\spring-beans\5.2.2.RELEASE\spring-beans-5.2.2.RELEASE.jar;E:\HarmonEngineering\Maven-Repository\org\slf4j\slf4j-api\1.7.29\slf4j-api-1.7.29.jar;E:\HarmonEngineering\Maven-Repository\org\springframework\boot\spring-boot-starter-web\2.2.2.RELEASE\spring-boot-starter-web-2.2.2.RELEASE.jar;E:\HarmonEngineering\Maven-Repository\org\springframework\boot\spring-boot-starter\2.2.2.RELEASE\spring-boot-starter-2.2.2.RELEASE.jar;E:\HarmonEngineering\Maven-Repository\org\springframework\boot\spring-boot\2.2.2.RELEASE\spring-boot-2.2.2.RELEASE.jar;E:\HarmonEngineering\Maven-Repository\org\springframework\boot\spring-boot-autoconfigure\2.2.2.RELEASE\spring-boot-autoconfigure-2.2.2.RELEASE.jar;E:\HarmonEngineering\Maven-Repository\org\springframework\boot\spring-boot-starter-logging\2.2.2.RELEASE\spring-boot-starter-logging-2.2.2.RELEASE.jar;E:\HarmonEngineering\Maven-Repository\ch\qos\logback\logback-classic\1.2.3\logback-classic-1.2.3.jar;E:\HarmonEngineering\Maven-Repository\ch\qos\logback\logback-core\1.2.3\logback-core-1.2.3.jar;E:\HarmonEngineering\Maven-Repository\org\apache\logging\log4j\log4j-to-slf4j\2.12.1\log4j-to-slf4j-2.12.1.jar;E:\HarmonEngineering\Maven-Repository\org\apache\logging\log4j\log4j-api\2.12.1\log4j-api-2.12.1.jar;E:\HarmonEngineering\Maven-Repository\org\slf4j\jul-to-slf4j\1.7.29\jul-to-slf4j-1.7.29.jar;E:\HarmonEngineering\Maven-Repository\jakarta\annotation\jakarta.annotation-api\1.3.5\jakarta.annotation-api-1.3.5.jar;E:\HarmonEngineering\Maven-Repository\org\yaml\snakeyaml\1.25\snakeyaml-1.25.jar;E:\HarmonEngineering\Maven-Repository\org\springframework\boot\spring-boot-starter-json\2.2.2.RELEASE\spring-boot-starter-json-2.2.2.RELEASE.jar;E:\HarmonEngineering\Maven-Repository\com\fasterxml\jackson\core\jackson-databind\2.10.1\jackson-databind-2.10.1.jar;E:\HarmonEngineering\Maven-Repository\com\fasterxml\jackson\core\jackson-annotations\2.10.1\jackson-annotations-2.10.1.jar;E:\HarmonEngineering\Maven-Repository\com\fasterxml\jackson\core\jackson-core\2.10.1\jackson-core-2.10.1.jar;E:\HarmonEngineering\Maven-Repository\com\fasterxml\jackson\datatype\jackson-datatype-jdk8\2.10.1\jackson-datatype-jdk8-2.10.1.jar;E:\HarmonEngineering\Maven-Repository\com\fasterxml\jackson\datatype\jackson-datatype-jsr310\2.10.1\jackson-datatype-jsr310-2.10.1.jar;E:\HarmonEngineering\Maven-Repository\com\fasterxml\jackson\module\jackson-module-parameter-names\2.10.1\jackson-module-parameter-names-2.10.1.jar;E:\HarmonEngineering\Maven-Repository\org\springframework\boot\spring-boot-starter-tomcat\2.2.2.RELEASE\spring-boot-starter-tomcat-2.2.2.RELEASE.jar;E:\HarmonEngineering\Maven-Repository\org\apache\tomcat\embed\tomcat-embed-core\9.0.29\tomcat-embed-core-9.0.29.jar;E:\HarmonEngineering\Maven-Repository\org\apache\tomcat\embed\tomcat-embed-el\9.0.29\tomcat-embed-el-9.0.29.jar;E:\HarmonEngineering\Maven-Repository\org\apache\tomcat\embed\tomcat-embed-websocket\9.0.29\tomcat-embed-websocket-9.0.29.jar;E:\HarmonEngineering\Maven-Repository\org\springframework\boot\spring-boot-starter-validation\2.2.2.RELEASE\spring-boot-starter-validation-2.2.2.RELEASE.jar;E:\HarmonEngineering\Maven-Repository\jakarta\validation\jakarta.validation-api\2.0.1\jakarta.validation-api-2.0.1.jar;E:\HarmonEngineering\Maven-Repository\org\hibernate\validator\hibernate-validator\6.0.18.Final\hibernate-validator-6.0.18.Final.jar;E:\HarmonEngineering\Maven-Repository\org\jboss\logging\jboss-logging\3.4.1.Final\jboss-logging-3.4.1.Final.jar;E:\HarmonEngineering\Maven-Repository\com\fasterxml\classmate\1.5.1\classmate-1.5.1.jar;E:\HarmonEngineering\Maven-Repository\org\springframework\spring-web\5.2.2.RELEASE\spring-web-5.2.2.RELEASE.jar;E:\HarmonEngineering\Maven-Repository\org\springframework\spring-webmvc\5.2.2.RELEASE\spring-webmvc-5.2.2.RELEASE.jar;E:\HarmonEngineering\Maven-Repository\org\springframework\spring-aop\5.2.2.RELEASE\spring-aop-5.2.2.RELEASE.jar;E:\HarmonEngineering\Maven-Repository\org\springframework\spring-expression\5.2.2.RELEASE\spring-expression-5.2.2.RELEASE.jar;E:\HarmonEngineering\Maven-Repository\org\springframework\boot\spring-boot-starter-test\2.2.2.RELEASE\spring-boot-starter-test-2.2.2.RELEASE.jar;E:\HarmonEngineering\Maven-Repository\org\springframework\boot\spring-boot-test\2.2.2.RELEASE\spring-boot-test-2.2.2.RELEASE.jar;E:\HarmonEngineering\Maven-Repository\org\springframework\boot\spring-boot-test-autoconfigure\2.2.2.RELEASE\spring-boot-test-autoconfigure-2.2.2.RELEASE.jar;E:\HarmonEngineering\Maven-Repository\com\jayway\jsonpath\json-path\2.4.0\json-path-2.4.0.jar;E:\HarmonEngineering\Maven-Repository\net\minidev\json-smart\2.3\json-smart-2.3.jar;E:\HarmonEngineering\Maven-Repository\net\minidev\accessors-smart\1.2\accessors-smart-1.2.jar;E:\HarmonEngineering\Maven-Repository\org\ow2\asm\asm\5.0.4\asm-5.0.4.jar;E:\HarmonEngineering\Maven-Repository\jakarta\xml\bind\jakarta.xml.bind-api\2.3.2\jakarta.xml.bind-api-2.3.2.jar;E:\HarmonEngineering\Maven-Repository\jakarta\activation\jakarta.activation-api\1.2.1\jakarta.activation-api-1.2.1.jar;E:\HarmonEngineering\Maven-Repository\org\junit\jupiter\junit-jupiter\5.5.2\junit-jupiter-5.5.2.jar;E:\HarmonEngineering\Maven-Repository\org\junit\jupiter\junit-jupiter-api\5.5.2\junit-jupiter-api-5.5.2.jar;E:\HarmonEngineering\Maven-Repository\org\apiguardian\apiguardian-api\1.1.0\apiguardian-api-1.1.0.jar;E:\HarmonEngineering\Maven-Repository\org\opentest4j\opentest4j\1.2.0\opentest4j-1.2.0.jar;E:\HarmonEngineering\Maven-Repository\org\junit\platform\junit-platform-commons\1.5.2\junit-platform-commons-1.5.2.jar;E:\HarmonEngineering\Maven-Repository\org\junit\jupiter\junit-jupiter-params\5.5.2\junit-jupiter-params-5.5.2.jar;E:\HarmonEngineering\Maven-Repository\org\junit\jupiter\junit-jupiter-engine\5.5.2\junit-jupiter-engine-5.5.2.jar;E:\HarmonEngineering\Maven-Repository\org\junit\platform\junit-platform-engine\1.5.2\junit-platform-engine-1.5.2.jar;E:\HarmonEngineering\Maven-Repository\org\mockito\mockito-junit-jupiter\3.1.0\mockito-junit-jupiter-3.1.0.jar;E:\HarmonEngineering\Maven-Repository\org\assertj\assertj-core\3.13.2\assertj-core-3.13.2.jar;E:\HarmonEngineering\Maven-Repository\org\hamcrest\hamcrest\2.1\hamcrest-2.1.jar;E:\HarmonEngineering\Maven-Repository\org\mockito\mockito-core\3.1.0\mockito-core-3.1.0.jar;E:\HarmonEngineering\Maven-Repository\net\bytebuddy\byte-buddy\1.10.4\byte-buddy-1.10.4.jar;E:\HarmonEngineering\Maven-Repository\net\bytebuddy\byte-buddy-agent\1.10.4\byte-buddy-agent-1.10.4.jar;E:\HarmonEngineering\Maven-Repository\org\objenesis\objenesis\2.6\objenesis-2.6.jar;E:\HarmonEngineering\Maven-Repository\org\skyscreamer\jsonassert\1.5.0\jsonassert-1.5.0.jar;E:\HarmonEngineering\Maven-Repository\com\vaadin\external\google\android-json\0.0.20131108.vaadin1\android-json-0.0.20131108.vaadin1.jar;E:\HarmonEngineering\Maven-Repository\org\springframework\spring-core\5.2.2.RELEASE\spring-core-5.2.2.RELEASE.jar;E:\HarmonEngineering\Maven-Repository\org\springframework\spring-jcl\5.2.2.RELEASE\spring-jcl-5.2.2.RELEASE.jar;E:\HarmonEngineering\Maven-Repository\org\springframework\spring-test\5.2.2.RELEASE\spring-test-5.2.2.RELEASE.jar;E:\HarmonEngineering\Maven-Repository\org\xmlunit\xmlunit-core\2.6.3\xmlunit-core-2.6.3.jar;E:\HarmonEngineering\Maven-Repository\mysql\mysql-connector-java\8.0.18\mysql-connector-java-8.0.18.jar;"/>
    <property name="sun.cpu.endian" value="little"/>
    <property name="user.home" value="C:\Users\black"/>
    <property name="user.language" value="en"/>
    <property name="java.specification.vendor" value="Oracle Corporation"/>
    <property name="java.version.date" value="2022-07-19"/>
    <property name="java.home" value="E:\Program Files\Java\jdk-18.0.2"/>
    <property name="file.separator" value="\"/>
    <property name="basedir" value="E:\HarmonEngineering\PGPFSD-FullStackWebDev\PGPFSD_MAY282022_BrianHarmon\Phase3\SpringBootJDBCExample-master"/>
    <property name="java.vm.compressedOopsMode" value="Zero based"/>
    <property name="line.separator" value="&#10;"/>
    <property name="java.vm.specification.vendor" value="Oracle Corporation"/>
    <property name="java.specification.name" value="Java Platform API Specification"/>
    <property name="surefire.real.class.path" value="C:\Users\black\AppData\Local\Temp\surefire7995545408581861106\surefirebooter15107042998848556496.jar"/>
    <property name="user.script" value=""/>
    <property name="sun.management.compiler" value="HotSpot 64-Bit Tiered Compilers"/>
    <property name="java.runtime.version" value="18.0.2+9-61"/>
    <property name="user.name" value="black"/>
    <property name="path.separator" value=";"/>
    <property name="os.version" value="10.0"/>
    <property name="java.runtime.name" value="Java(TM) SE Runtime Environment"/>
    <property name="file.encoding" value="UTF-8"/>
    <property name="java.vm.name" value="Java HotSpot(TM) 64-Bit Server VM"/>
    <property name="localRepository" value="E:\HarmonEngineering\Maven-Repository"/>
    <property name="java.vendor.url.bug" value="https://bugreport.java.com/bugreport/"/>
    <property name="java.io.tmpdir" value="C:\Users\black\AppData\Local\Temp\"/>
    <property name="idea.version" value="2021.2.4"/>
    <property name="java.version" value="18.0.2"/>
    <property name="user.dir" value="E:\HarmonEngineering\PGPFSD-FullStackWebDev\PGPFSD_MAY282022_BrianHarmon\Phase3\SpringBootJDBCExample-master"/>
    <property name="os.arch" value="amd64"/>
    <property name="java.vm.specification.name" value="Java Virtual Machine Specification"/>
    <property name="sun.os.patch.level" value=""/>
    <property name="native.encoding" value="Cp1252"/>
    <property name="java.library.path" value="E:\Program Files\Java\jdk-18.0.2\bin;C:\WINDOWS\Sun\Java\bin;C:\WINDOWS\system32;C:\WINDOWS;C:\Program Files\Common Files\Oracle\Java\javapath;C:\Program Files (x86)\Common Files\Oracle\Java\javapath;E:\Program Files\SlickEdit Pro 25.0.1\win\;E:\Program Files (x86)\Embarcadero\Studio\19.0\bin;E:\Program Files (x86)\Embarcadero\Studio\19.0\bin64;E:\app\black\product\18.0.0\dbhomeXE\bin;C:\Program Files (x86)\Embarcadero\Studio\19.0\bin;C:\Users\Public\Documents\Embarcadero\Studio\19.0\Bpl;C:\Program Files (x86)\Embarcadero\Studio\19.0\bin64;C:\Users\Public\Documents\Embarcadero\Studio\19.0\Bpl\Win64;C:\Program Files (x86)\Intel\iCLS Client\;C:\ProgramData\Oracle\Java\javapath;C:\Program Files\Intel\iCLS Client\;C:\WINDOWS\system32;C:\WINDOWS;C:\WINDOWS\System32\Wbem;C:\WINDOWS\System32\WindowsPowerShell\v1.0\;C:\Program Files (x86)\QuickTime\QTSystem\;C:\Program Files (x86)\Intel\Intel(R) Management Engine Components\DAL;C:\Program Files\Intel\Intel(R) Management Engine Components\DAL;C:\Program Files (x86)\Intel\Intel(R) Management Engine Components\IPT;C:\Program Files\Intel\Intel(R) Management Engine Components\IPT;C:\WINDOWS\System32\OpenSSH\;C:\Program Files\Microsoft VS Code\bin;E:\Program Files (x86)\Windows Kits\10\Windows Performance Toolkit\;C:\Program Files\Git\cmd;C:\Program Files\Docker\Docker\resources\bin;C:\ProgramData\DockerDesktop\version-bin;C:\Program Files\MySQL\MySQL Shell 8.0\bin\;e:\Users\black\Anaconda3;e:\Users\black\Anaconda3\Library\mingw-w64\bin;e:\Users\black\Anaconda3\Library\usr\bin;e:\Users\black\Anaconda3\Library\bin;e:\Users\black\Anaconda3\Scripts;C:\Users\black\AppData\Local\Microsoft\WindowsApps;C:\Program Files\Microsoft VS Code\bin;C:\Users\black\AppData\Local\GitHubDesktop\bin;E:\Program Files\JetBrains\IntelliJ IDEA 2021.2.1\bin;;;C:\Users\black\AppData\Local\JetBrains\Toolbox\scripts;."/>
    <property name="java.vm.info" value="mixed mode, sharing"/>
    <property name="java.vendor" value="Oracle Corporation"/>
    <property name="java.vm.version" value="18.0.2+9-61"/>
    <property name="sun.io.unicode.encoding" value="UnicodeLittle"/>
    <property name="java.class.version" value="62.0"/>
  </properties>
  <testcase name="com.java2blog.SpringBootJDBCExample.SpringBootJdbcExampleApplicationTests" classname="com.java2blog.SpringBootJDBCExample.SpringBootJdbcExampleApplicationTests" time="0.285">
    <error message="Unable to find a @SpringBootConfiguration, you need to use @ContextConfiguration or @SpringBootTest(classes=...) with your test" type="java.lang.IllegalStateException">java.lang.IllegalStateException: Unable to find a @SpringBootConfiguration, you need to use @ContextConfiguration or @SpringBootTest(classes=...) with your test
</error>
    <system-out><![CDATA[12:20:51.570 [main] DEBUG org.springframework.test.context.BootstrapUtils - Instantiating CacheAwareContextLoaderDelegate from class [org.springframework.test.context.cache.DefaultCacheAwareContextLoaderDelegate]
12:20:51.588 [main] DEBUG org.springframework.test.context.BootstrapUtils - Instantiating BootstrapContext using constructor [public org.springframework.test.context.support.DefaultBootstrapContext(java.lang.Class,org.springframework.test.context.CacheAwareContextLoaderDelegate)]
12:20:51.628 [main] DEBUG org.springframework.test.context.BootstrapUtils - Instantiating TestContextBootstrapper for test class [com.java2blog.SpringBootJDBCExample.SpringBootJdbcExampleApplicationTests] from class [org.springframework.boot.test.context.SpringBootTestContextBootstrapper]
12:20:51.642 [main] INFO org.springframework.boot.test.context.SpringBootTestContextBootstrapper - Neither @ContextConfiguration nor @ContextHierarchy found for test class [com.java2blog.SpringBootJDBCExample.SpringBootJdbcExampleApplicationTests], using SpringBootContextLoader
12:20:51.646 [main] DEBUG org.springframework.test.context.support.AbstractContextLoader - Did not detect default resource location for test class [com.java2blog.SpringBootJDBCExample.SpringBootJdbcExampleApplicationTests]: class path resource [com/java2blog/SpringBootJDBCExample/SpringBootJdbcExampleApplicationTests-context.xml] does not exist
12:20:51.647 [main] DEBUG org.springframework.test.context.support.AbstractContextLoader - Did not detect default resource location for test class [com.java2blog.SpringBootJDBCExample.SpringBootJdbcExampleApplicationTests]: class path resource [com/java2blog/SpringBootJDBCExample/SpringBootJdbcExampleApplicationTestsContext.groovy] does not exist
12:20:51.647 [main] INFO org.springframework.test.context.support.AbstractContextLoader - Could not detect default resource locations for test class [com.java2blog.SpringBootJDBCExample.SpringBootJdbcExampleApplicationTests]: no resource found for suffixes {-context.xml, Context.groovy}.
12:20:51.647 [main] INFO org.springframework.test.context.support.AnnotationConfigContextLoaderUtils - Could not detect default configuration classes for test class [com.java2blog.SpringBootJDBCExample.SpringBootJdbcExampleApplicationTests]: SpringBootJdbcExampleApplicationTests does not declare any static, non-private, non-final, nested classes annotated with @Configuration.
12:20:51.681 [main] DEBUG org.springframework.test.context.support.ActiveProfilesUtils - Could not find an 'annotation declaring class' for annotation type [org.springframework.test.context.ActiveProfiles] and class [com.java2blog.SpringBootJDBCExample.SpringBootJdbcExampleApplicationTests]
12:20:51.729 [main] DEBUG org.springframework.test.context.BootstrapUtils - Instantiating CacheAwareContextLoaderDelegate from class [org.springframework.test.context.cache.DefaultCacheAwareContextLoaderDelegate]
12:20:51.729 [main] DEBUG org.springframework.test.context.BootstrapUtils - Instantiating BootstrapContext using constructor [public org.springframework.test.context.support.DefaultBootstrapContext(java.lang.Class,org.springframework.test.context.CacheAwareContextLoaderDelegate)]
12:20:51.730 [main] DEBUG org.springframework.test.context.BootstrapUtils - Instantiating TestContextBootstrapper for test class [com.java2blog.SpringBootJDBCExample.SpringBootJdbcExampleApplicationTests] from class [org.springframework.boot.test.context.SpringBootTestContextBootstrapper]
12:20:51.730 [main] INFO org.springframework.boot.test.context.SpringBootTestContextBootstrapper - Neither @ContextConfiguration nor @ContextHierarchy found for test class [com.java2blog.SpringBootJDBCExample.SpringBootJdbcExampleApplicationTests], using SpringBootContextLoader
12:20:51.731 [main] DEBUG org.springframework.test.context.support.AbstractContextLoader - Did not detect default resource location for test class [com.java2blog.SpringBootJDBCExample.SpringBootJdbcExampleApplicationTests]: class path resource [com/java2blog/SpringBootJDBCExample/SpringBootJdbcExampleApplicationTests-context.xml] does not exist
12:20:51.731 [main] DEBUG org.springframework.test.context.support.AbstractContextLoader - Did not detect default resource location for test class [com.java2blog.SpringBootJDBCExample.SpringBootJdbcExampleApplicationTests]: class path resource [com/java2blog/SpringBootJDBCExample/SpringBootJdbcExampleApplicationTestsContext.groovy] does not exist
12:20:51.731 [main] INFO org.springframework.test.context.support.AbstractContextLoader - Could not detect default resource locations for test class [com.java2blog.SpringBootJDBCExample.SpringBootJdbcExampleApplicationTests]: no resource found for suffixes {-context.xml, Context.groovy}.
12:20:51.731 [main] INFO org.springframework.test.context.support.AnnotationConfigContextLoaderUtils - Could not detect default configuration classes for test class [com.java2blog.SpringBootJDBCExample.SpringBootJdbcExampleApplicationTests]: SpringBootJdbcExampleApplicationTests does not declare any static, non-private, non-final, nested classes annotated with @Configuration.
12:20:51.735 [main] DEBUG org.springframework.test.context.support.ActiveProfilesUtils - Could not find an 'annotation declaring class' for annotation type [org.springframework.test.context.ActiveProfiles] and class [com.java2blog.SpringBootJDBCExample.SpringBootJdbcExampleApplicationTests]
12:20:51.748 [main] DEBUG org.springframework.test.context.BootstrapUtils - Instantiating CacheAwareContextLoaderDelegate from class [org.springframework.test.context.cache.DefaultCacheAwareContextLoaderDelegate]
12:20:51.748 [main] DEBUG org.springframework.test.context.BootstrapUtils - Instantiating BootstrapContext using constructor [public org.springframework.test.context.support.DefaultBootstrapContext(java.lang.Class,org.springframework.test.context.CacheAwareContextLoaderDelegate)]
12:20:51.749 [main] DEBUG org.springframework.test.context.BootstrapUtils - Instantiating TestContextBootstrapper for test class [com.java2blog.SpringBootJDBCExample.SpringBootJdbcExampleApplicationTests] from class [org.springframework.boot.test.context.SpringBootTestContextBootstrapper]
12:20:51.750 [main] INFO org.springframework.boot.test.context.SpringBootTestContextBootstrapper - Neither @ContextConfiguration nor @ContextHierarchy found for test class [com.java2blog.SpringBootJDBCExample.SpringBootJdbcExampleApplicationTests], using SpringBootContextLoader
12:20:51.751 [main] DEBUG org.springframework.test.context.support.AbstractContextLoader - Did not detect default resource location for test class [com.java2blog.SpringBootJDBCExample.SpringBootJdbcExampleApplicationTests]: class path resource [com/java2blog/SpringBootJDBCExample/SpringBootJdbcExampleApplicationTests-context.xml] does not exist
12:20:51.751 [main] DEBUG org.springframework.test.context.support.AbstractContextLoader - Did not detect default resource location for test class [com.java2blog.SpringBootJDBCExample.SpringBootJdbcExampleApplicationTests]: class path resource [com/java2blog/SpringBootJDBCExample/SpringBootJdbcExampleApplicationTestsContext.groovy] does not exist
12:20:51.751 [main] INFO org.springframework.test.context.support.AbstractContextLoader - Could not detect default resource locations for test class [com.java2blog.SpringBootJDBCExample.SpringBootJdbcExampleApplicationTests]: no resource found for suffixes {-context.xml, Context.groovy}.
12:20:51.752 [main] INFO org.springframework.test.context.support.AnnotationConfigContextLoaderUtils - Could not detect default configuration classes for test class [com.java2blog.SpringBootJDBCExample.SpringBootJdbcExampleApplicationTests]: SpringBootJdbcExampleApplicationTests does not declare any static, non-private, non-final, nested classes annotated with @Configuration.
12:20:51.754 [main] DEBUG org.springframework.test.context.support.ActiveProfilesUtils - Could not find an 'annotation declaring class' for annotation type [org.springframework.test.context.ActiveProfiles] and class [com.java2blog.SpringBootJDBCExample.SpringBootJdbcExampleApplicationTests]
]]></system-out>
  </testcase>
</testsuite>